<?xml version="1.0" encoding="UTF-8"?>
<testsuite name="org.duzgun.eksiengelplus.datastore.ConfigTest" tests="6" skipped="0" failures="0" errors="0" timestamp="2026-08-05T21:08:54.588Z" hostname="cachyos-gmktec" time="0.132">
  <properties/>
  <testcase name="an empty document yields defaults" classname="org.duzgun.eksiengelplus.datastore.ConfigTest" time="0.049"/>
  <testcase name="rule list round trips" classname="org.duzgun.eksiengelplus.datastore.ConfigTest" time="0.058"/>
  <testcase name="identity round trips" classname="org.duzgun.eksiengelplus.datastore.ConfigTest" time="0.002"/>
  <testcase name="defaults match the extension except telemetry" classname="org.duzgun.eksiengelplus.datastore.ConfigTest" time="0.002"/>
  <testcase name="every date criterion survives serialisation" classname="org.duzgun.eksiengelplus.datastore.ConfigTest" time="0.003"/>
  <testcase name="unknown fields are tolerated so a downgrade does not wipe config" classname="org.duzgun.eksiengelplus.datastore.ConfigTest" time="0.016"/>
  <system-out><![CDATA[]]></system-out>
  <system-err><![CDATA[]]></system-err>
</testsuite>
