<?xml version='1.0' encoding='UTF-8' ?>
<testsuite name="org.duzgun.eksiengelplus.database.EksiDatabaseTest" tests="11" failures="0" errors="0" skipped="0" time="0.465" timestamp="2026-08-05T21:06:53" hostname="localhost">
  <properties>
    <property name="device" value="spike(AVD) - 15" />
    <property name="flavor" value="" />
    <property name="project" value=":core:database" />
  </properties>
  <testcase name="registrationCacheHonoursTheTtl" classname="org.duzgun.eksiengelplus.database.EksiDatabaseTest" time="0.007" />
  <testcase name="authorListNickIsUnique" classname="org.duzgun.eksiengelplus.database.EksiDatabaseTest" time="0.0" />
  <testcase name="checkpointAndListRowsCommitAtomically" classname="org.duzgun.eksiengelplus.database.EksiDatabaseTest" time="0.014" />
  <testcase name="completedHistoryTrimsToTheKeepWindow" classname="org.duzgun.eksiengelplus.database.EksiDatabaseTest" time="0.002" />
  <testcase name="syncStateStoresACursorRatherThanAPayload" classname="org.duzgun.eksiengelplus.database.EksiDatabaseTest" time="0.003" />
  <testcase name="aKnownAbsentRegistrationDateIsStillCached" classname="org.duzgun.eksiengelplus.database.EksiDatabaseTest" time="0.025" />
  <testcase name="dateFilteringIsAQueryNotNProfileFetches" classname="org.duzgun.eksiengelplus.database.EksiDatabaseTest" time="0.001" />
  <testcase name="sameUserCanAppearInDifferentLists" classname="org.duzgun.eksiengelplus.database.EksiDatabaseTest" time="0.001" />
  <testcase name="clearingOneListLeavesOthersIntact" classname="org.duzgun.eksiengelplus.database.EksiDatabaseTest" time="0.026" />
  <testcase name="reScrapingIsIdempotentOnTheCompositeKey" classname="org.duzgun.eksiengelplus.database.EksiDatabaseTest" time="0.0" />
  <testcase name="countFollowsContentWithNoStoredCounter" classname="org.duzgun.eksiengelplus.database.EksiDatabaseTest" time="0.0" />
</testsuite>