<?xml version="1.0" encoding="UTF-8"?>
<testsuite name="org.duzgun.eksiengelplus.datastore.ConfigTest" tests="6" skipped="0" failures="0" errors="0" timestamp="2026-08-05T21:08:32.528Z" hostname="cachyos-gmktec" time="0.048">
  <properties/>
  <testcase name="an empty document yields defaults" classname="org.duzgun.eksiengelplus.datastore.ConfigTest" time="0.016"/>
  <testcase name="rule list round trips" classname="org.duzgun.eksiengelplus.datastore.ConfigTest" time="0.025"/>
  <testcase name="identity round trips" classname="org.duzgun.eksiengelplus.datastore.ConfigTest" time="0.001"/>
  <testcase name="defaults match the extension except telemetry" classname="org.duzgun.eksiengelplus.datastore.ConfigTest" time="0.0"/>
  <testcase name="every date criterion survives serialisation" classname="org.duzgun.eksiengelplus.datastore.ConfigTest" time="0.001"/>
  <testcase name="unknown fields are tolerated so a downgrade does not wipe config" classname="org.duzgun.eksiengelplus.datastore.ConfigTest" time="0.005"/>
  <system-out><![CDATA[]]></system-out>
  <system-err><![CDATA[]]></system-err>
</testsuite>
