<?xml version="1.0" encoding="UTF-8"?>
<testsuite name="org.duzgun.eksiengelplus.eksi.parser.ParserUnitTest" tests="5" skipped="0" failures="0" errors="0" timestamp="2026-08-05T18:08:13.609Z" hostname="cachyos-gmktec" time="0.004">
  <properties/>
  <testcase name="favouriter fragment strips the at sign and slugifies" classname="org.duzgun.eksiengelplus.eksi.parser.ParserUnitTest" time="0.0"/>
  <testcase name="author id of zero is treated as absent" classname="org.duzgun.eksiengelplus.eksi.parser.ParserUnitTest" time="0.0"/>
  <testcase name="anchors without an at prefix are ignored" classname="org.duzgun.eksiengelplus.eksi.parser.ParserUnitTest" time="0.0"/>
  <testcase name="registration date falls back to a bounded text scan" classname="org.duzgun.eksiengelplus.eksi.parser.ParserUnitTest" time="0.002"/>
  <testcase name="topic authors are de-duplicated by nick" classname="org.duzgun.eksiengelplus.eksi.parser.ParserUnitTest" time="0.001"/>
  <system-out><![CDATA[]]></system-out>
  <system-err><![CDATA[]]></system-err>
</testsuite>
