<?xml version="1.0" encoding="UTF-8"?>
<testsuite name="org.duzgun.eksiengelplus.eksi.parser.JsonShapeTest" tests="5" skipped="0" failures="0" errors="0" timestamp="2026-08-05T21:08:49.112Z" hostname="cachyos-gmktec" time="0.074">
  <properties/>
  <testcase name="empty follower page is the pagination terminator" classname="org.duzgun.eksiengelplus.eksi.parser.JsonShapeTest" time="0.032"/>
  <testcase name="follower array parses and defaults the boolean flags" classname="org.duzgun.eksiengelplus.eksi.parser.JsonShapeTest" time="0.006"/>
  <testcase name="unknown fields are ignored" classname="org.duzgun.eksiengelplus.eksi.parser.JsonShapeTest" time="0.025"/>
  <testcase name="populated relation list parses with 25 items" classname="org.duzgun.eksiengelplus.eksi.parser.JsonShapeTest" time="0.011"/>
  <testcase name="empty relation list still yields a parseable envelope" classname="org.duzgun.eksiengelplus.eksi.parser.JsonShapeTest" time="0.0"/>
  <system-out><![CDATA[]]></system-out>
  <system-err><![CDATA[]]></system-err>
</testsuite>
